<?xml version="1.0" encoding="UTF-8"?>
<testsuite xmlns:xsi="http://www.w3.org/2001/XMLSchema-instance" xsi:noNamespaceSchemaLocation="https://maven.apache.org/surefire/maven-surefire-plugin/xsd/surefire-test-report-3.0.xsd" version="3.0" name="TestSuite" time="12.552" tests="5" errors="0" skipped="0" failures="0">
  <properties>
    <property name="sun.desktop" value="windows"/>
    <property name="awt.toolkit" value="sun.awt.windows.WToolkit"/>
    <property name="file.encoding.pkg" value="sun.io"/>
    <property name="java.specification.version" value="1.8"/>
    <property name="sun.cpu.isalist" value="pentium_pro+mmx pentium_pro pentium+mmx pentium i486 i386 i86"/>
    <property name="sun.jnu.encoding" value="Cp1252"/>
    <property name="java.class.path" value="F:\testing 2020\APIPractice2Framework\target\test-classes;F:\testing 2020\APIPractice2Framework\target\classes;C:\Users\Zainab\.m2\repository\org\testng\testng\7.3.0\testng-7.3.0.jar;C:\Users\Zainab\.m2\repository\com\beust\jcommander\1.78\jcommander-1.78.jar;C:\Users\Zainab\.m2\repository\org\apache\ant\ant\1.10.3\ant-1.10.3.jar;C:\Users\Zainab\.m2\repository\org\apache\ant\ant-launcher\1.10.3\ant-launcher-1.10.3.jar;C:\Users\Zainab\.m2\repository\junit\junit\4.12\junit-4.12.jar;C:\Users\Zainab\.m2\repository\com\google\inject\guice\4.2.2\guice-4.2.2-no_aop.jar;C:\Users\Zainab\.m2\repository\javax\inject\javax.inject\1\javax.inject-1.jar;C:\Users\Zainab\.m2\repository\aopalliance\aopalliance\1.0\aopalliance-1.0.jar;C:\Users\Zainab\.m2\repository\com\google\guava\guava\25.1-android\guava-25.1-android.jar;C:\Users\Zainab\.m2\repository\org\checkerframework\checker-compat-qual\2.0.0\checker-compat-qual-2.0.0.jar;C:\Users\Zainab\.m2\repository\com\google\errorprone\error_prone_annotations\2.1.3\error_prone_annotations-2.1.3.jar;C:\Users\Zainab\.m2\repository\com\google\j2objc\j2objc-annotations\1.1\j2objc-annotations-1.1.jar;C:\Users\Zainab\.m2\repository\org\codehaus\mojo\animal-sniffer-annotations\1.14\animal-sniffer-annotations-1.14.jar;C:\Users\Zainab\.m2\repository\org\yaml\snakeyaml\1.21\snakeyaml-1.21.jar;C:\Users\Zainab\.m2\repository\com\jayway\restassured\rest-assured\2.9.0\rest-assured-2.9.0.jar;C:\Users\Zainab\.m2\repository\org\codehaus\groovy\groovy\2.4.4\groovy-2.4.4.jar;C:\Users\Zainab\.m2\repository\org\codehaus\groovy\groovy-xml\2.4.4\groovy-xml-2.4.4.jar;C:\Users\Zainab\.m2\repository\org\apache\httpcomponents\httpclient\4.5.1\httpclient-4.5.1.jar;C:\Users\Zainab\.m2\repository\org\apache\httpcomponents\httpcore\4.4.3\httpcore-4.4.3.jar;C:\Users\Zainab\.m2\repository\commons-logging\commons-logging\1.2\commons-logging-1.2.jar;C:\Users\Zainab\.m2\repository\commons-codec\commons-codec\1.9\commons-codec-1.9.jar;C:\Users\Zainab\.m2\repository\org\apache\httpcomponents\httpmime\4.5.1\httpmime-4.5.1.jar;C:\Users\Zainab\.m2\repository\org\hamcrest\hamcrest-core\1.3\hamcrest-core-1.3.jar;C:\Users\Zainab\.m2\repository\org\hamcrest\hamcrest-library\1.3\hamcrest-library-1.3.jar;C:\Users\Zainab\.m2\repository\org\ccil\cowan\tagsoup\tagsoup\1.2.1\tagsoup-1.2.1.jar;C:\Users\Zainab\.m2\repository\com\jayway\restassured\xml-path\2.9.0\xml-path-2.9.0.jar;C:\Users\Zainab\.m2\repository\org\apache\commons\commons-lang3\3.3.2\commons-lang3-3.3.2.jar;C:\Users\Zainab\.m2\repository\com\jayway\restassured\json-schema-validator\2.9.0\json-schema-validator-2.9.0.jar;C:\Users\Zainab\.m2\repository\com\github\fge\json-schema-validator\2.2.6\json-schema-validator-2.2.6.jar;C:\Users\Zainab\.m2\repository\com\google\code\findbugs\jsr305\3.0.0\jsr305-3.0.0.jar;C:\Users\Zainab\.m2\repository\joda-time\joda-time\2.3\joda-time-2.3.jar;C:\Users\Zainab\.m2\repository\com\googlecode\libphonenumber\libphonenumber\6.2\libphonenumber-6.2.jar;C:\Users\Zainab\.m2\repository\com\github\fge\json-schema-core\1.2.5\json-schema-core-1.2.5.jar;C:\Users\Zainab\.m2\repository\com\github\fge\uri-template\0.9\uri-template-0.9.jar;C:\Users\Zainab\.m2\repository\com\github\fge\msg-simple\1.1\msg-simple-1.1.jar;C:\Users\Zainab\.m2\repository\com\github\fge\btf\1.2\btf-1.2.jar;C:\Users\Zainab\.m2\repository\com\github\fge\jackson-coreutils\1.8\jackson-coreutils-1.8.jar;C:\Users\Zainab\.m2\repository\org\mozilla\rhino\1.7R4\rhino-1.7R4.jar;C:\Users\Zainab\.m2\repository\javax\mail\mailapi\1.4.3\mailapi-1.4.3.jar;C:\Users\Zainab\.m2\repository\javax\activation\activation\1.1\activation-1.1.jar;C:\Users\Zainab\.m2\repository\net\sf\jopt-simple\jopt-simple\4.6\jopt-simple-4.6.jar;C:\Users\Zainab\.m2\repository\com\jayway\restassured\json-path\2.2.0\json-path-2.2.0.jar;C:\Users\Zainab\.m2\repository\org\codehaus\groovy\groovy-json\2.2.0\groovy-json-2.2.0.jar;C:\Users\Zainab\.m2\repository\com\fasterxml\jackson\core\jackson-databind\2.3.0\jackson-databind-2.3.0.jar;C:\Users\Zainab\.m2\repository\com\fasterxml\jackson\core\jackson-annotations\2.3.0\jackson-annotations-2.3.0.jar;C:\Users\Zainab\.m2\repository\com\fasterxml\jackson\core\jackson-core\2.3.0\jackson-core-2.3.0.jar;C:\Users\Zainab\.m2\repository\org\codehaus\jackson\jackson-core-asl\1.8.5\jackson-core-asl-1.8.5.jar;C:\Users\Zainab\.m2\repository\org\codehaus\jackson\jackson-mapper-asl\1.8.5\jackson-mapper-asl-1.8.5.jar;C:\Users\Zainab\.m2\repository\com\google\code\gson\gson\1.7.2\gson-1.7.2.jar;C:\Users\Zainab\.m2\repository\com\googlecode\json-simple\json-simple\1.1\json-simple-1.1.jar;C:\Users\Zainab\.m2\repository\com\jayway\restassured\rest-assured-common\2.2.0\rest-assured-common-2.2.0.jar;C:\Users\Zainab\.m2\repository\org\json\json\20200518\json-20200518.jar;"/>
    <property name="java.vm.vendor" value="Oracle Corporation"/>
    <property name="sun.arch.data.model" value="32"/>
    <property name="user.variant" value=""/>
    <property name="java.vendor.url" value="http://java.oracle.com/"/>
    <property name="user.timezone" value="Asia/Calcutta"/>
    <property name="java.vm.specification.version" value="1.8"/>
    <property name="os.name" value="Windows 10"/>
    <property name="user.country" value="IN"/>
    <property name="sun.java.launcher" value="SUN_STANDARD"/>
    <property name="sun.boot.library.path" value="C:\Program Files\Java\jre1.8.0_241\bin"/>
    <property name="sun.java.command" value="C:\Users\Zainab\AppData\Local\Temp\surefire1075123193792032097\surefirebooter142238610633339681.jar C:\Users\Zainab\AppData\Local\Temp\surefire1075123193792032097 2020-08-23T14-25-28_076-jvmRun1 surefire698147488653756396tmp surefire_02255220193907043306tmp"/>
    <property name="surefire.test.class.path" value="F:\testing 2020\APIPractice2Framework\target\test-classes;F:\testing 2020\APIPractice2Framework\target\classes;C:\Users\Zainab\.m2\repository\org\testng\testng\7.3.0\testng-7.3.0.jar;C:\Users\Zainab\.m2\repository\com\beust\jcommander\1.78\jcommander-1.78.jar;C:\Users\Zainab\.m2\repository\org\apache\ant\ant\1.10.3\ant-1.10.3.jar;C:\Users\Zainab\.m2\repository\org\apache\ant\ant-launcher\1.10.3\ant-launcher-1.10.3.jar;C:\Users\Zainab\.m2\repository\junit\junit\4.12\junit-4.12.jar;C:\Users\Zainab\.m2\repository\com\google\inject\guice\4.2.2\guice-4.2.2-no_aop.jar;C:\Users\Zainab\.m2\repository\javax\inject\javax.inject\1\javax.inject-1.jar;C:\Users\Zainab\.m2\repository\aopalliance\aopalliance\1.0\aopalliance-1.0.jar;C:\Users\Zainab\.m2\repository\com\google\guava\guava\25.1-android\guava-25.1-android.jar;C:\Users\Zainab\.m2\repository\org\checkerframework\checker-compat-qual\2.0.0\checker-compat-qual-2.0.0.jar;C:\Users\Zainab\.m2\repository\com\google\errorprone\error_prone_annotations\2.1.3\error_prone_annotations-2.1.3.jar;C:\Users\Zainab\.m2\repository\com\google\j2objc\j2objc-annotations\1.1\j2objc-annotations-1.1.jar;C:\Users\Zainab\.m2\repository\org\codehaus\mojo\animal-sniffer-annotations\1.14\animal-sniffer-annotations-1.14.jar;C:\Users\Zainab\.m2\repository\org\yaml\snakeyaml\1.21\snakeyaml-1.21.jar;C:\Users\Zainab\.m2\repository\com\jayway\restassured\rest-assured\2.9.0\rest-assured-2.9.0.jar;C:\Users\Zainab\.m2\repository\org\codehaus\groovy\groovy\2.4.4\groovy-2.4.4.jar;C:\Users\Zainab\.m2\repository\org\codehaus\groovy\groovy-xml\2.4.4\groovy-xml-2.4.4.jar;C:\Users\Zainab\.m2\repository\org\apache\httpcomponents\httpclient\4.5.1\httpclient-4.5.1.jar;C:\Users\Zainab\.m2\repository\org\apache\httpcomponents\httpcore\4.4.3\httpcore-4.4.3.jar;C:\Users\Zainab\.m2\repository\commons-logging\commons-logging\1.2\commons-logging-1.2.jar;C:\Users\Zainab\.m2\repository\commons-codec\commons-codec\1.9\commons-codec-1.9.jar;C:\Users\Zainab\.m2\repository\org\apache\httpcomponents\httpmime\4.5.1\httpmime-4.5.1.jar;C:\Users\Zainab\.m2\repository\org\hamcrest\hamcrest-core\1.3\hamcrest-core-1.3.jar;C:\Users\Zainab\.m2\repository\org\hamcrest\hamcrest-library\1.3\hamcrest-library-1.3.jar;C:\Users\Zainab\.m2\repository\org\ccil\cowan\tagsoup\tagsoup\1.2.1\tagsoup-1.2.1.jar;C:\Users\Zainab\.m2\repository\com\jayway\restassured\xml-path\2.9.0\xml-path-2.9.0.jar;C:\Users\Zainab\.m2\repository\org\apache\commons\commons-lang3\3.3.2\commons-lang3-3.3.2.jar;C:\Users\Zainab\.m2\repository\com\jayway\restassured\json-schema-validator\2.9.0\json-schema-validator-2.9.0.jar;C:\Users\Zainab\.m2\repository\com\github\fge\json-schema-validator\2.2.6\json-schema-validator-2.2.6.jar;C:\Users\Zainab\.m2\repository\com\google\code\findbugs\jsr305\3.0.0\jsr305-3.0.0.jar;C:\Users\Zainab\.m2\repository\joda-time\joda-time\2.3\joda-time-2.3.jar;C:\Users\Zainab\.m2\repository\com\googlecode\libphonenumber\libphonenumber\6.2\libphonenumber-6.2.jar;C:\Users\Zainab\.m2\repository\com\github\fge\json-schema-core\1.2.5\json-schema-core-1.2.5.jar;C:\Users\Zainab\.m2\repository\com\github\fge\uri-template\0.9\uri-template-0.9.jar;C:\Users\Zainab\.m2\repository\com\github\fge\msg-simple\1.1\msg-simple-1.1.jar;C:\Users\Zainab\.m2\repository\com\github\fge\btf\1.2\btf-1.2.jar;C:\Users\Zainab\.m2\repository\com\github\fge\jackson-coreutils\1.8\jackson-coreutils-1.8.jar;C:\Users\Zainab\.m2\repository\org\mozilla\rhino\1.7R4\rhino-1.7R4.jar;C:\Users\Zainab\.m2\repository\javax\mail\mailapi\1.4.3\mailapi-1.4.3.jar;C:\Users\Zainab\.m2\repository\javax\activation\activation\1.1\activation-1.1.jar;C:\Users\Zainab\.m2\repository\net\sf\jopt-simple\jopt-simple\4.6\jopt-simple-4.6.jar;C:\Users\Zainab\.m2\repository\com\jayway\restassured\json-path\2.2.0\json-path-2.2.0.jar;C:\Users\Zainab\.m2\repository\org\codehaus\groovy\groovy-json\2.2.0\groovy-json-2.2.0.jar;C:\Users\Zainab\.m2\repository\com\fasterxml\jackson\core\jackson-databind\2.3.0\jackson-databind-2.3.0.jar;C:\Users\Zainab\.m2\repository\com\fasterxml\jackson\core\jackson-annotations\2.3.0\jackson-annotations-2.3.0.jar;C:\Users\Zainab\.m2\repository\com\fasterxml\jackson\core\jackson-core\2.3.0\jackson-core-2.3.0.jar;C:\Users\Zainab\.m2\repository\org\codehaus\jackson\jackson-core-asl\1.8.5\jackson-core-asl-1.8.5.jar;C:\Users\Zainab\.m2\repository\org\codehaus\jackson\jackson-mapper-asl\1.8.5\jackson-mapper-asl-1.8.5.jar;C:\Users\Zainab\.m2\repository\com\google\code\gson\gson\1.7.2\gson-1.7.2.jar;C:\Users\Zainab\.m2\repository\com\googlecode\json-simple\json-simple\1.1\json-simple-1.1.jar;C:\Users\Zainab\.m2\repository\com\jayway\restassured\rest-assured-common\2.2.0\rest-assured-common-2.2.0.jar;C:\Users\Zainab\.m2\repository\org\json\json\20200518\json-20200518.jar;"/>
    <property name="sun.cpu.endian" value="little"/>
    <property name="user.home" value="C:\Users\Zainab"/>
    <property name="user.language" value="en"/>
    <property name="java.specification.vendor" value="Oracle Corporation"/>
    <property name="java.home" value="C:\Program Files\Java\jre1.8.0_241"/>
    <property name="testng.dtd.http" value="true"/>
    <property name="basedir" value="F:\testing 2020\APIPractice2Framework"/>
    <property name="file.separator" value="\"/>
    <property name="line.separator" value="&#10;"/>
    <property name="java.vm.specification.vendor" value="Oracle Corporation"/>
    <property name="java.specification.name" value="Java Platform API Specification"/>
    <property name="java.awt.graphicsenv" value="sun.awt.Win32GraphicsEnvironment"/>
    <property name="surefire.real.class.path" value="C:\Users\Zainab\AppData\Local\Temp\surefire1075123193792032097\surefirebooter142238610633339681.jar"/>
    <property name="sun.boot.class.path" value="C:\Program Files\Java\jre1.8.0_241\lib\resources.jar;C:\Program Files\Java\jre1.8.0_241\lib\rt.jar;C:\Program Files\Java\jre1.8.0_241\lib\sunrsasign.jar;C:\Program Files\Java\jre1.8.0_241\lib\jsse.jar;C:\Program Files\Java\jre1.8.0_241\lib\jce.jar;C:\Program Files\Java\jre1.8.0_241\lib\charsets.jar;C:\Program Files\Java\jre1.8.0_241\lib\jfr.jar;C:\Program Files\Java\jre1.8.0_241\classes"/>
    <property name="user.script" value=""/>
    <property name="sun.management.compiler" value="HotSpot Client Compiler"/>
    <property name="java.runtime.version" value="1.8.0_241-b07"/>
    <property name="user.name" value="Zainab"/>
    <property name="path.separator" value=";"/>
    <property name="os.version" value="10.0"/>
    <property name="java.endorsed.dirs" value="C:\Program Files\Java\jre1.8.0_241\lib\endorsed"/>
    <property name="java.runtime.name" value="Java(TM) SE Runtime Environment"/>
    <property name="file.encoding" value="Cp1252"/>
    <property name="java.vm.name" value="Java HotSpot(TM) Client VM"/>
    <property name="localRepository" value="C:\Users\Zainab\.m2\repository"/>
    <property name="java.vendor.url.bug" value="http://bugreport.sun.com/bugreport/"/>
    <property name="java.io.tmpdir" value="C:\Users\Zainab\AppData\Local\Temp\"/>
    <property name="java.version" value="1.8.0_241"/>
    <property name="user.dir" value="F:\testing 2020\APIPractice2Framework"/>
    <property name="os.arch" value="x86"/>
    <property name="java.vm.specification.name" value="Java Virtual Machine Specification"/>
    <property name="java.awt.printerjob" value="sun.awt.windows.WPrinterJob"/>
    <property name="sun.os.patch.level" value=""/>
    <property name="java.library.path" value="C:\Program Files\Java\jre1.8.0_241\bin;C:\Windows\Sun\Java\bin;C:\Windows\system32;C:\Windows;C:/Program Files/Java/jre1.8.0_241/bin/client;C:/Program Files/Java/jre1.8.0_241/bin;C:/Program Files/Java/jre1.8.0_241/lib/i386;C:\Program Files\Common Files\Oracle\Java\javapath;C:\Windows\system32;C:\Windows;C:\Windows\System32\Wbem;C:\Windows\System32\WindowsPowerShell\v1.0\;C:\Windows\System32\OpenSSH\;C:\Program Files\Java\jre1.8.0_241\bin;C:\Program Files\nodejs\;C:\Program Files\nodejs\node_modules;C:\Users\Zainab\AppData\Local\Microsoft\WindowsApps;C:\Users\Zainab\AppData\Roaming\npm;F:\nitin testing\selenium\eclipse-jee-mars-2-win32\eclipse;;."/>
    <property name="java.vm.info" value="mixed mode"/>
    <property name="java.vendor" value="Oracle Corporation"/>
    <property name="java.vm.version" value="25.241-b07"/>
    <property name="java.ext.dirs" value="C:\Program Files\Java\jre1.8.0_241\lib\ext;C:\Windows\Sun\Java\lib\ext"/>
    <property name="sun.io.unicode.encoding" value="UnicodeLittle"/>
    <property name="java.class.version" value="52.0"/>
  </properties>
  <testcase name="tc1" classname="org.testing.TestScripts.PostRequestTC1" time="3.295"/>
  <testcase name="tc2" classname="org.testing.TestScripts.GetRequestTC2" time="0.095"/>
  <testcase name="tc3" classname="org.testing.TestScripts.GetRequestWithQueryParameter" time="0.124"/>
  <testcase name="tc4" classname="org.testing.TestScripts.PutRequest_TC4" time="0.077"/>
  <testcase name="tc5" classname="org.testing.TestScripts.Delete_TC5" time="0.041"/>
</testsuite>