<?xml version="1.0" encoding="UTF-8"?>
<!-- Generated by org.testng.reporters.JUnitReportReporter -->
<testsuite hostname="DESKTOP-16U3LJS" name="org.testing.TestScripts.PutRequest_TC4" tests="1" failures="0" timestamp="23 Aug 2020 08:53:14 GMT" time="0.190" errors="0">
  <testcase name="tc4" time="0.190" classname="org.testing.TestScripts.PutRequest_TC4"/>
</testsuite> <!-- org.testing.TestScripts.PutRequest_TC4 -->
