<?xml version="1.0" encoding="UTF-8"?>
<!-- Generated by org.testng.reporters.JUnitReportReporter -->
<testsuite hostname="DESKTOP-16U3LJS" name="org.testing.TestScripts.GetRequestTC2" tests="1" failures="0" timestamp="23 Aug 2020 08:53:14 GMT" time="0.097" errors="0">
  <testcase name="tc2" time="0.097" classname="org.testing.TestScripts.GetRequestTC2"/>
</testsuite> <!-- org.testing.TestScripts.GetRequestTC2 -->
