<?xml version="1.0" encoding="UTF-8"?>
<!-- Generated by org.testng.reporters.JUnitReportReporter -->
<testsuite hostname="DESKTOP-16U3LJS" name="org.testing.TestScripts.GetRequestWithQueryParameter" tests="1" failures="0" timestamp="23 Aug 2020 08:53:14 GMT" time="0.096" errors="0">
  <testcase name="tc3" time="0.096" classname="org.testing.TestScripts.GetRequestWithQueryParameter"/>
</testsuite> <!-- org.testing.TestScripts.GetRequestWithQueryParameter -->
