<?xml version="1.0" encoding="UTF-8"?>
<!-- Generated by org.testng.reporters.JUnitReportReporter -->
<testsuite hostname="DESKTOP-16U3LJS" name="org.testing.TestScripts.Delete_TC5" tests="1" failures="0" timestamp="23 Aug 2020 08:53:14 GMT" time="0.053" errors="0">
  <testcase name="tc5" time="0.053" classname="org.testing.TestScripts.Delete_TC5"/>
</testsuite> <!-- org.testing.TestScripts.Delete_TC5 -->
