<?xml version="1.0" encoding="UTF-8"?>
<!-- Generated by org.testng.reporters.JUnitReportReporter -->
<testsuite hostname="DESKTOP-16U3LJS" name="org.testing.TestScripts.PostRequestTC1" tests="1" failures="0" timestamp="23 Aug 2020 08:53:14 GMT" time="4.982" errors="0">
  <testcase name="tc1" time="4.982" classname="org.testing.TestScripts.PostRequestTC1"/>
</testsuite> <!-- org.testing.TestScripts.PostRequestTC1 -->
