<?xml version="1.0" encoding="UTF-8"?>
<!-- Generated by org.testng.reporters.JUnitReportReporter -->
<testsuite skipped="0" hostname="DESKTOP-16U3LJS" name="org.testing.TestScripts.PutRequest_TC4" tests="1" failures="0" timestamp="2020-08-23T14:25:42 IST" time="0.099" errors="0">
  <testcase name="tc4" time="0.099" classname="org.testing.TestScripts.PutRequest_TC4"/>
  <system-out/>
</testsuite> <!-- org.testing.TestScripts.PutRequest_TC4 -->
