<?xml version="1.0" encoding="UTF-8"?>
<!-- Generated by org.testng.reporters.JUnitReportReporter -->
<testsuite skipped="0" hostname="DESKTOP-16U3LJS" name="org.testing.TestScripts.GetRequestTC2" tests="1" failures="0" timestamp="2020-08-23T14:25:42 IST" time="0.067" errors="0">
  <testcase name="tc2" time="0.067" classname="org.testing.TestScripts.GetRequestTC2"/>
  <system-out/>
</testsuite> <!-- org.testing.TestScripts.GetRequestTC2 -->
