<?xml version="1.0" encoding="UTF-8"?>
<!-- Generated by org.testng.reporters.JUnitReportReporter -->
<testsuite skipped="0" hostname="DESKTOP-16U3LJS" name="org.testing.TestScripts.Delete_TC5" tests="1" failures="0" timestamp="2020-08-23T14:25:42 IST" time="0.046" errors="0">
  <testcase name="tc5" time="0.046" classname="org.testing.TestScripts.Delete_TC5"/>
  <system-out/>
</testsuite> <!-- org.testing.TestScripts.Delete_TC5 -->
