<?xml version="1.0" encoding="UTF-8"?>
<!-- Generated by org.testng.reporters.JUnitReportReporter -->
<testsuite skipped="0" hostname="DESKTOP-16U3LJS" name="org.testing.TestScripts.PostRequestTC1" tests="1" failures="0" timestamp="2020-08-23T14:25:42 IST" time="3.293" errors="0">
  <testcase name="tc1" time="3.293" classname="org.testing.TestScripts.PostRequestTC1"/>
  <system-out/>
</testsuite> <!-- org.testing.TestScripts.PostRequestTC1 -->
